{"level":"info","msg":"🍟: Successfully connected to Mysql at host=localhost user=postgres password=postgres dbname=rednote port=5432 sslmode=disable TimeZone=Asia/Kolkata","time":"2024-05-02T21:27:32+05:30"}
{"level":"info","msg":"🍟: Successfully connected to Postgres at host=localhost user=postgres password=postgres dbname=rednote port=5432 sslmode=disable TimeZone=Asia/Kolkata","time":"2024-05-02T21:40:47+05:30"}
{"level":"info","msg":"👻 Server is now listening at port:  :8080\n","time":"2024-05-02T21:40:47+05:30"}
{"level":"info","msg":"server receive a signal:  interrupt","time":"2024-05-02T21:43:16+05:30"}
{"level":"info","msg":"Server exiting","time":"2024-05-02T21:43:16+05:30"}
{"level":"info","msg":"🍟: Successfully connected to Postgres at host=localhost user=postgres password=postgres dbname=rednote port=5432 sslmode=disable TimeZone=Asia/Kolkata","time":"2024-05-02T21:51:05+05:30"}
{"level":"info","msg":"👻 Server is now listening at port:  :8080\n","time":"2024-05-02T21:51:05+05:30"}
{"level":"info","msg":"server receive a signal:  interrupt","time":"2024-05-02T21:57:56+05:30"}
{"level":"info","msg":"Server exiting","time":"2024-05-02T21:57:56+05:30"}
{"level":"info","msg":"🍟: Successfully connected to Postgres at host=localhost user=postgres password=postgres dbname=rednote port=5432 sslmode=disable TimeZone=Asia/Kolkata","time":"2024-05-02T21:58:15+05:30"}
{"level":"info","msg":"👻 Server is now listening at port:  :8080\n","time":"2024-05-02T21:58:15+05:30"}
{"level":"info","msg":"server receive a signal:  interrupt","time":"2024-05-02T21:58:19+05:30"}
{"level":"info","msg":"Server exiting","time":"2024-05-02T21:58:19+05:30"}
{"level":"info","msg":"🍟: Successfully connected to Postgres at host=localhost user=postgres password=postgres dbname=rednote port=5432 sslmode=disable TimeZone=Asia/Kolkata","time":"2024-05-03T11:14:04+05:30"}
{"level":"info","msg":"👻 Server is now listening at port:  :8080\n","time":"2024-05-03T11:14:04+05:30"}
{"level":"info","msg":"server receive a signal:  interrupt","time":"2024-05-03T13:58:21+05:30"}
{"level":"info","msg":"Server exiting","time":"2024-05-03T13:58:21+05:30"}
{"level":"info","msg":"🍟: Successfully connected to Postgres at host=localhost user=postgres password=postgres dbname=rednote port=5432 sslmode=disable TimeZone=Asia/Kolkata","time":"2024-05-03T13:59:50+05:30"}
{"level":"info","msg":"👻 Server is now listening at port:  :8080\n","time":"2024-05-03T13:59:50+05:30"}
{"level":"info","msg":"username","time":"2024-05-03T13:59:54+05:30"}
{"level":"info","msg":"username","time":"2024-05-03T14:00:57+05:30"}
{"level":"info","msg":"username","time":"2024-05-03T14:01:31+05:30"}
{"level":"info","msg":"server receive a signal:  interrupt","time":"2024-05-03T14:01:43+05:30"}
{"level":"info","msg":"Server exiting","time":"2024-05-03T14:01:43+05:30"}
{"level":"info","msg":"🍟: Successfully connected to Postgres at host=localhost user=postgres password=postgres dbname=rednote port=5432 sslmode=disable TimeZone=Asia/Kolkata","time":"2024-05-03T14:18:18+05:30"}
{"level":"info","msg":"👻 Server is now listening at port:  :8080\n","time":"2024-05-03T14:18:18+05:30"}
{"level":"info","msg":"🍟: Successfully connected to Postgres at host=localhost user=postgres password=postgres dbname=rednote port=5432 sslmode=disable TimeZone=Asia/Kolkata","time":"2024-05-03T14:19:35+05:30"}
{"level":"info","msg":"👻 Server is now listening at port:  :8080\n","time":"2024-05-03T14:19:35+05:30"}
{"level":"info","msg":"🍟: Successfully connected to Postgres at host=localhost user=postgres password=postgres dbname=rednote port=5432 sslmode=disable TimeZone=Asia/Kolkata","time":"2024-05-03T14:21:20+05:30"}
{"level":"info","msg":"👻 Server is now listening at port:  :8080\n","time":"2024-05-03T14:21:20+05:30"}
{"level":"info","msg":"🍟: Successfully connected to Postgres at host=localhost user=postgres password=postgres dbname=rednote port=5432 sslmode=disable TimeZone=Asia/Kolkata","time":"2024-05-03T14:44:23+05:30"}
{"level":"info","msg":"👻 Server is now listening at port:  :8080\n","time":"2024-05-03T14:44:23+05:30"}
{"level":"info","msg":"🍟: Successfully connected to Postgres at host=localhost user=postgres password=postgres dbname=rednote port=5432 sslmode=disable TimeZone=Asia/Kolkata%!(EXTRA *gorm.DB=\u0026{0x140001a6630 \u003cnil\u003e 0 0x14000650700 1})","time":"2024-05-03T14:58:12+05:30"}
{"level":"info","msg":"👻 Server is now listening at port:  :8080\n","time":"2024-05-03T14:58:12+05:30"}
{"level":"info","msg":"🍟: Successfully connected to Postgres at host=localhost user=postgres password=postgres dbname=rednote port=5432 sslmode=disable TimeZone=Asia/Kolkata%!(EXTRA *gorm.DB=\u0026{0x140000fe630 \u003cnil\u003e 0 0x14000644e00 1})","time":"2024-05-03T15:03:45+05:30"}
{"level":"info","msg":"👻 Server is now listening at port:  :8080\n","time":"2024-05-03T15:03:45+05:30"}
{"level":"info","msg":"🍟: Successfully connected to Postgres at host=localhost user=postgres password=postgres dbname=rednote port=5432 sslmode=disable TimeZone=Asia/Kolkata%!(EXTRA *gorm.DB=\u0026{0x1400017e630 \u003cnil\u003e 0 0x1400009ae00 1})","time":"2024-05-03T15:08:53+05:30"}
{"level":"info","msg":"👻 Server is now listening at port:  :8080\n","time":"2024-05-03T15:08:53+05:30"}
{"level":"info","msg":"🍟: Successfully connected to Postgres at host=localhost user=postgres password=postgres dbname=rednote port=5432 sslmode=disable TimeZone=Asia/Kolkata%!(EXTRA *gorm.DB=\u0026{0x140001a6630 \u003cnil\u003e 0 0x1400026c8c0 1})","time":"2024-05-03T15:13:47+05:30"}
{"level":"info","msg":"👻 Server is now listening at port:  :8080\n","time":"2024-05-03T15:13:47+05:30"}
{"level":"info","msg":"🍟: Successfully connected to Postgres at host=localhost user=postgres password=postgres dbname=rednote port=5432 sslmode=disable TimeZone=Asia/Kolkata%!(EXTRA *gorm.DB=\u0026{0x140000fe630 \u003cnil\u003e 0 0x140005328c0 1})","time":"2024-05-03T15:15:23+05:30"}
{"level":"info","msg":"👻 Server is now listening at port:  :8080\n","time":"2024-05-03T15:15:23+05:30"}
{"level":"info","msg":"🍟: Successfully connected to Postgres at host=localhost user=postgres password=postgres dbname=rednote port=5432 sslmode=disable TimeZone=Asia/Kolkata%!(EXTRA *gorm.DB=\u0026{0x140001a6510 \u003cnil\u003e 0 0x1400052ea80 1})","time":"2024-05-03T15:18:27+05:30"}
{"level":"info","msg":"👻 Server is now listening at port:  :8080\n","time":"2024-05-03T15:18:27+05:30"}
{"level":"info","msg":"🍟: Successfully connected to Postgres at host=localhost user=postgres password=postgres dbname=rednote port=5432 sslmode=disable TimeZone=Asia/Kolkata%!(EXTRA *gorm.DB=\u0026{0x1400019a630 \u003cnil\u003e 0 0x140000bca80 1})","time":"2024-05-03T15:19:39+05:30"}
{"level":"info","msg":"👻 Server is now listening at port:  :8080\n","time":"2024-05-03T15:19:39+05:30"}
{"level":"info","msg":"server receive a signal:  interrupt","time":"2024-05-03T15:19:42+05:30"}
{"level":"info","msg":"Server exiting","time":"2024-05-03T15:19:42+05:30"}
{"level":"info","msg":"🍟: Successfully connected to Postgres at host=localhost user=postgres password=postgres dbname=rednote port=5432 sslmode=disable TimeZone=Asia/Kolkata%!(EXTRA *gorm.DB=\u0026{0x1400019a510 \u003cnil\u003e 0 0x14000646e00 1})","time":"2024-05-03T15:21:43+05:30"}
{"level":"info","msg":"👻 Server is now listening at port:  :8080\n","time":"2024-05-03T15:21:43+05:30"}
{"level":"info","msg":"server receive a signal:  interrupt","time":"2024-05-03T15:26:37+05:30"}
{"level":"info","msg":"Server exiting","time":"2024-05-03T15:26:37+05:30"}
{"level":"info","msg":"🍟: Successfully connected to Postgres at host=localhost user=postgres password=postgres dbname=rednote port=5432 sslmode=disable TimeZone=Asia/Kolkata%!(EXTRA *gorm.DB=\u0026{0x140000fe630 \u003cnil\u003e 0 0x1400014ac40 1})","time":"2024-05-03T15:26:50+05:30"}
{"level":"info","msg":"👻 Server is now listening at port:  :8080\n","time":"2024-05-03T15:26:50+05:30"}
{"level":"info","msg":"🍟: Successfully connected to Postgres at host=localhost user=postgres password=postgres dbname=rednote port=5432 sslmode=disable TimeZone=Asia/Kolkata%!(EXTRA *gorm.DB=\u0026{0x140000f6630 \u003cnil\u003e 0 0x1400025ae00 1})","time":"2024-05-03T15:28:08+05:30"}
{"level":"info","msg":"👻 Server is now listening at port:  :8080\n","time":"2024-05-03T15:28:08+05:30"}
{"level":"fatal","msg":"server listen error: listen tcp :8080: bind: address already in use\n","time":"2024-05-03T15:28:08+05:30"}
{"level":"info","msg":"🍟: Successfully connected to Postgres at host=localhost user=postgres password=postgres dbname=rednote port=5432 sslmode=disable TimeZone=Asia/Kolkata%!(EXTRA *gorm.DB=\u0026{0x1400017e630 \u003cnil\u003e 0 0x1400026ae00 1})","time":"2024-05-03T15:30:35+05:30"}
{"level":"info","msg":"👻 Server is now listening at port:  :8080\n","time":"2024-05-03T15:30:35+05:30"}
{"level":"info","msg":"🍟: Successfully connected to Postgres at host=localhost user=postgres password=postgres dbname=rednote port=5432 sslmode=disable TimeZone=Asia/Kolkata%!(EXTRA *gorm.DB=\u0026{0x140000fe630 \u003cnil\u003e 0 0x1400025ca80 1})","time":"2024-05-03T15:41:53+05:30"}
{"level":"info","msg":"👻 Server is now listening at port:  :8080\n","time":"2024-05-03T15:41:53+05:30"}
